# JRE version: Java(TM) SE Runtime Environment (8.0_221-b11) (build 1.8.0_221-b11)
# Java VM: Java HotSpot(TM) 64-Bit Server VM (25.221-b11 mixed mode linux-amd64 compressed oops)
Heap:
 PSYoungGen      total 272896K, used 22510K [0x00000000d5580000, 0x00000000e7880000, 0x0000000100000000)
  eden space 250368K, 0% used [0x00000000d5580000,0x00000000d5580000,0x00000000e4a00000)
  from space 22528K, 99% used [0x00000000e4c80000,0x00000000e627ba28,0x00000000e6280000)
  to   space 18944K, 0% used [0x00000000e6600000,0x00000000e6600000,0x00000000e7880000)
 ParOldGen       total 108544K, used 40772K [0x0000000080000000, 0x0000000086a00000, 0x00000000d5580000)
  object space 108544K, 37% used [0x0000000080000000,0x00000000827d1330,0x0000000086a00000)
 Metaspace       used 36635K, capacity 38264K, committed 38528K, reserved 1083392K
  class space    used 4308K, capacity 4631K, committed 4736K, reserved 1048576K
GC Heap History (10 events):
Event: 6,013 GC heap after
Heap after GC invocations=8 (full 1):
 PSYoungGen      total 137216K, used 10903K [0x00000000d5580000, 0x00000000e2c80000, 0x0000000100000000)
  eden space 125952K, 0% used [0x00000000d5580000,0x00000000d5580000,0x00000000dd080000)
  from space 11264K, 96% used [0x00000000dd080000,0x00000000ddb25e08,0x00000000ddb80000)
  to   space 12288K, 0% used [0x00000000e2080000,0x00000000e2080000,0x00000000e2c80000)
 ParOldGen       total 66048K, used 14650K [0x0000000080000000, 0x0000000084080000, 0x00000000d5580000)
  object space 66048K, 22% used [0x0000000080000000,0x0000000080e4e9d8,0x0000000084080000)
 Metaspace       used 25810K, capacity 26524K, committed 26624K, reserved 1073152K
  class space    used 3108K, capacity 3317K, committed 3328K, reserved 1048576K
}
Event: 7,474 GC heap before
{Heap before GC invocations=9 (full 1):
 PSYoungGen      total 137216K, used 136855K [0x00000000d5580000, 0x00000000e2c80000, 0x0000000100000000)
  eden space 125952K, 100% used [0x00000000d5580000,0x00000000dd080000,0x00000000dd080000)
  from space 11264K, 96% used [0x00000000dd080000,0x00000000ddb25e08,0x00000000ddb80000)
  to   space 12288K, 0% used [0x00000000e2080000,0x00000000e2080000,0x00000000e2c80000)
 ParOldGen       total 66048K, used 14650K [0x0000000080000000, 0x0000000084080000, 0x00000000d5580000)
  object space 66048K, 22% used [0x0000000080000000,0x0000000080e4e9d8,0x0000000084080000)
 Metaspace       used 30493K, capacity 31940K, committed 32128K, reserved 1077248K
  class space    used 3648K, capacity 3947K, committed 3968K, reserved 1048576K
Event: 7,500 GC heap after
Heap after GC invocations=9 (full 1):
 PSYoungGen      total 204800K, used 12266K [0x00000000d5580000, 0x00000000e3080000, 0x0000000100000000)
  eden space 192512K, 0% used [0x00000000d5580000,0x00000000d5580000,0x00000000e1180000)
  from space 12288K, 99% used [0x00000000e2080000,0x00000000e2c7abd8,0x00000000e2c80000)
  to   space 15360K, 0% used [0x00000000e1180000,0x00000000e1180000,0x00000000e2080000)
 ParOldGen       total 66048K, used 18203K [0x0000000080000000, 0x0000000084080000, 0x00000000d5580000)
  object space 66048K, 27% used [0x0000000080000000,0x00000000811c6f08,0x0000000084080000)
 Metaspace       used 30493K, capacity 31940K, committed 32128K, reserved 1077248K
  class space    used 3648K, capacity 3947K, committed 3968K, reserved 1048576K
}
Event: 8,296 GC heap before
{Heap before GC invocations=10 (full 1):
 PSYoungGen      total 204800K, used 91683K [0x00000000d5580000, 0x00000000e3080000, 0x0000000100000000)
  eden space 192512K, 41% used [0x00000000d5580000,0x00000000da30e120,0x00000000e1180000)
  from space 12288K, 99% used [0x00000000e2080000,0x00000000e2c7abd8,0x00000000e2c80000)
  to   space 15360K, 0% used [0x00000000e1180000,0x00000000e1180000,0x00000000e2080000)
 ParOldGen       total 66048K, used 18203K [0x0000000080000000, 0x0000000084080000, 0x00000000d5580000)
  object space 66048K, 27% used [0x0000000080000000,0x00000000811c6f08,0x0000000084080000)
 Metaspace       used 34019K, capacity 35368K, committed 35496K, reserved 1081344K
  class space    used 4046K, capacity 4333K, committed 4352K, reserved 1048576K
Event: 8,323 GC heap after
Heap after GC invocations=10 (full 1):
 PSYoungGen      total 207872K, used 15347K [0x00000000d5580000, 0x00000000e7980000, 0x0000000100000000)
  eden space 192512K, 0% used [0x00000000d5580000,0x00000000d5580000,0x00000000e1180000)
  from space 15360K, 99% used [0x00000000e1180000,0x00000000e207cf58,0x00000000e2080000)
  to   space 19968K, 0% used [0x00000000e6600000,0x00000000e6600000,0x00000000e7980000)
 ParOldGen       total 66048K, used 24784K [0x0000000080000000, 0x0000000084080000, 0x00000000d5580000)
  object space 66048K, 37% used [0x0000000080000000,0x00000000818341e0,0x0000000084080000)
 Metaspace       used 34019K, capacity 35368K, committed 35496K, reserved 1081344K
  class space    used 4046K, capacity 4333K, committed 4352K, reserved 1048576K
}
Event: 8,323 GC heap before
{Heap before GC invocations=11 (full 2):
 PSYoungGen      total 207872K, used 15347K [0x00000000d5580000, 0x00000000e7980000, 0x0000000100000000)
  eden space 192512K, 0% used [0x00000000d5580000,0x00000000d5580000,0x00000000e1180000)
  from space 15360K, 99% used [0x00000000e1180000,0x00000000e207cf58,0x00000000e2080000)
  to   space 19968K, 0% used [0x00000000e6600000,0x00000000e6600000,0x00000000e7980000)
 ParOldGen       total 66048K, used 24784K [0x0000000080000000, 0x0000000084080000, 0x00000000d5580000)
  object space 66048K, 37% used [0x0000000080000000,0x00000000818341e0,0x0000000084080000)
 Metaspace       used 34019K, capacity 35368K, committed 35496K, reserved 1081344K
  class space    used 4046K, capacity 4333K, committed 4352K, reserved 1048576K
Event: 8,458 GC heap after
Heap after GC invocations=11 (full 2):
 PSYoungGen      total 207872K, used 0K [0x00000000d5580000, 0x00000000e7980000, 0x0000000100000000)
  eden space 192512K, 0% used [0x00000000d5580000,0x00000000d5580000,0x00000000e1180000)
  from space 15360K, 0% used [0x00000000e1180000,0x00000000e1180000,0x00000000e2080000)
  to   space 19968K, 0% used [0x00000000e6600000,0x00000000e6600000,0x00000000e7980000)
 ParOldGen       total 108544K, used 31346K [0x0000000080000000, 0x0000000086a00000, 0x00000000d5580000)
  object space 108544K, 28% used [0x0000000080000000,0x0000000081e9cbe0,0x0000000086a00000)
 Metaspace       used 34019K, capacity 35368K, committed 35496K, reserved 1081344K
  class space    used 4046K, capacity 4333K, committed 4352K, reserved 1048576K
}
Event: 11,059 GC heap before
{Heap before GC invocations=12 (full 2):
 PSYoungGen      total 207872K, used 192512K [0x00000000d5580000, 0x00000000e7980000, 0x0000000100000000)
  eden space 192512K, 100% used [0x00000000d5580000,0x00000000e1180000,0x00000000e1180000)
  from space 15360K, 0% used [0x00000000e1180000,0x00000000e1180000,0x00000000e2080000)
  to   space 19968K, 0% used [0x00000000e6600000,0x00000000e6600000,0x00000000e7980000)
 ParOldGen       total 108544K, used 31346K [0x0000000080000000, 0x0000000086a00000, 0x00000000d5580000)
  object space 108544K, 28% used [0x0000000080000000,0x0000000081e9cbe0,0x0000000086a00000)
 Metaspace       used 35848K, capacity 37364K, committed 37632K, reserved 1083392K
  class space    used 4227K, capacity 4550K, committed 4608K, reserved 1048576K
Event: 11,148 GC heap after
Heap after GC invocations=12 (full 2):
 PSYoungGen      total 269312K, used 18786K [0x00000000d5580000, 0x00000000e7880000, 0x0000000100000000)
  eden space 250368K, 0% used [0x00000000d5580000,0x00000000d5580000,0x00000000e4a00000)
  from space 18944K, 99% used [0x00000000e6600000,0x00000000e7858a08,0x00000000e7880000)
  to   space 22528K, 0% used [0x00000000e4c80000,0x00000000e4c80000,0x00000000e6280000)
 ParOldGen       total 108544K, used 31354K [0x0000000080000000, 0x0000000086a00000, 0x00000000d5580000)
  object space 108544K, 28% used [0x0000000080000000,0x0000000081e9ebe0,0x0000000086a00000)
 Metaspace       used 35848K, capacity 37364K, committed 37632K, reserved 1083392K
  class space    used 4227K, capacity 4550K, committed 4608K, reserved 1048576K
}
Event: 13,754 GC heap before
{Heap before GC invocations=13 (full 2):
 PSYoungGen      total 269312K, used 269154K [0x00000000d5580000, 0x00000000e7880000, 0x0000000100000000)
  eden space 250368K, 100% used [0x00000000d5580000,0x00000000e4a00000,0x00000000e4a00000)
  from space 18944K, 99% used [0x00000000e6600000,0x00000000e7858a08,0x00000000e7880000)
  to   space 22528K, 0% used [0x00000000e4c80000,0x00000000e4c80000,0x00000000e6280000)
 ParOldGen       total 108544K, used 31354K [0x0000000080000000, 0x0000000086a00000, 0x00000000d5580000)
  object space 108544K, 28% used [0x0000000080000000,0x0000000081e9ebe0,0x0000000086a00000)
 Metaspace       used 36635K, capacity 38264K, committed 38528K, reserved 1083392K
  class space    used 4308K, capacity 4631K, committed 4736K, reserved 1048576K

